<?xml version="1.0" encoding="UTF-8"?>
<testng-results ignored="0" total="2" passed="2" failed="0" skipped="0">
  <reporter-output>
  </reporter-output>
  <suite started-at="2023-03-03T14:48:07 CET" name="All Pet Store Tests" finished-at="2023-03-03T14:48:11 CET" duration-ms="3505">
    <groups>
    </groups>
    <test started-at="2023-03-03T14:48:07 CET" name="Negative Login Tests" finished-at="2023-03-03T14:48:11 CET" duration-ms="3402">
      <class name="tests.FailedLoginTests">
        <test-method is-config="true" signature="beforeClass()[pri:0, instance:tests.FailedLoginTests@34b9fc7d]" started-at="2023-03-03T14:48:07 CET" name="beforeClass" finished-at="2023-03-03T14:48:08 CET" duration-ms="566" status="PASS">
          <reporter-output>
          </reporter-output>
        </test-method> <!-- beforeClass -->
        <test-method is-config="true" signature="beforeTest(driver.BrowserType)[pri:0, instance:tests.FailedLoginTests@34b9fc7d]" started-at="2023-03-03T14:48:08 CET" name="beforeTest" finished-at="2023-03-03T14:48:10 CET" duration-ms="1980" status="PASS">
          <params>
            <param index="0">
              <value>
                <![CDATA[CHROME]]>
              </value>
            </param>
          </params>
          <reporter-output>
          </reporter-output>
        </test-method> <!-- beforeTest -->
        <test-method signature="asUserTryToLogInWithIncorrectLoginAndPassword()[pri:0, instance:tests.FailedLoginTests@34b9fc7d]" started-at="2023-03-03T14:48:10 CET" name="asUserTryToLogInWithIncorrectLoginAndPassword" finished-at="2023-03-03T14:48:10 CET" duration-ms="608" status="PASS">
          <reporter-output>
          </reporter-output>
        </test-method> <!-- asUserTryToLogInWithIncorrectLoginAndPassword -->
        <test-method is-config="true" signature="afterTest()[pri:0, instance:tests.FailedLoginTests@34b9fc7d]" started-at="2023-03-03T14:48:10 CET" name="afterTest" finished-at="2023-03-03T14:48:11 CET" duration-ms="133" status="PASS">
          <reporter-output>
          </reporter-output>
        </test-method> <!-- afterTest -->
      </class> <!-- tests.FailedLoginTests -->
    </test> <!-- Negative Login Tests -->
    <test started-at="2023-03-03T14:48:07 CET" name="Positive Login Tests" finished-at="2023-03-03T14:48:11 CET" duration-ms="3505">
      <class name="tests.PositiveLoginTest">
        <test-method is-config="true" signature="beforeClass()[pri:0, instance:tests.PositiveLoginTest@1e6308a9]" started-at="2023-03-03T14:48:07 CET" name="beforeClass" finished-at="2023-03-03T14:48:08 CET" duration-ms="310" status="PASS">
          <reporter-output>
          </reporter-output>
        </test-method> <!-- beforeClass -->
        <test-method is-config="true" signature="beforeTest(driver.BrowserType)[pri:0, instance:tests.PositiveLoginTest@1e6308a9]" started-at="2023-03-03T14:48:08 CET" name="beforeTest" finished-at="2023-03-03T14:48:10 CET" duration-ms="2232" status="PASS">
          <params>
            <param index="0">
              <value>
                <![CDATA[CHROME]]>
              </value>
            </param>
          </params>
          <reporter-output>
          </reporter-output>
        </test-method> <!-- beforeTest -->
        <test-method signature="asUserLoginUsingValidLoginAndPassword()[pri:0, instance:tests.PositiveLoginTest@1e6308a9]" started-at="2023-03-03T14:48:10 CET" name="asUserLoginUsingValidLoginAndPassword" finished-at="2023-03-03T14:48:11 CET" duration-ms="725" status="PASS">
          <reporter-output>
          </reporter-output>
        </test-method> <!-- asUserLoginUsingValidLoginAndPassword -->
        <test-method is-config="true" signature="afterTest()[pri:0, instance:tests.PositiveLoginTest@1e6308a9]" started-at="2023-03-03T14:48:11 CET" name="afterTest" finished-at="2023-03-03T14:48:11 CET" duration-ms="132" status="PASS">
          <reporter-output>
          </reporter-output>
        </test-method> <!-- afterTest -->
      </class> <!-- tests.PositiveLoginTest -->
    </test> <!-- Positive Login Tests -->
  </suite> <!-- All Pet Store Tests -->
</testng-results>
