<?xml version="1.0" encoding="UTF-8"?>
<testsuite xmlns:xsi="http://www.w3.org/2001/XMLSchema-instance" xsi:noNamespaceSchemaLocation="https://maven.apache.org/surefire/maven-surefire-plugin/xsd/surefire-test-report-3.0.xsd" version="3.0" name="TestSuite" time="4.36" tests="2" errors="0" skipped="0" failures="0">
  <properties>
[...]
</properties>
  <testcase name="asUserTryToLogInWithIncorrectLoginAndPassword" classname="tests.FailedLoginTests" time="0.55">
    <system-out><![CDATA[2023-03-03 14:48:08.312 [TestNG-tests-1] &amp#27;[32m- INFO&amp#27;[m &amp#27;[35mconfiguration.PropertiesLoader&amp#27;[m - Proba zaladowania properties z pliku: configuration.properties
2023-03-03 14:48:08.324 [TestNG-tests-1] &amp#27;[32m- INFO&amp#27;[m &amp#27;[35mconfiguration.PropertiesLoader&amp#27;[m - Udalo sie zaladowac properties z pliku: configuration.properties
2023-03-03 14:48:10.744 [TestNG-tests-1] &amp#27;[32m- INFO&amp#27;[m &amp#27;[35mpage.objects.LoginPage&amp#27;[m - Wpisano w pole User Name: test
2023-03-03 14:48:10.744 [TestNG-tests-2] &amp#27;[32m- INFO&amp#27;[m &amp#27;[35mpage.objects.LoginPage&amp#27;[m - Wpisano w pole User Name: j2ee
2023-03-03 14:48:10.825 [TestNG-tests-1] &amp#27;[32m- INFO&amp#27;[m &amp#27;[35mpage.objects.LoginPage&amp#27;[m - Wpisano w pole Password: test
2023-03-03 14:48:10.825 [TestNG-tests-2] &amp#27;[32m- INFO&amp#27;[m &amp#27;[35mpage.objects.LoginPage&amp#27;[m - Wpisano w pole Password: j2ee
2023-03-03 14:48:10.934 [TestNG-tests-1] &amp#27;[32m- INFO&amp#27;[m &amp#27;[35mpage.objects.LoginPage&amp#27;[m - Kliknieto w Login Button
2023-03-03 14:48:10.983 [TestNG-tests-1] &amp#27;[32m- INFO&amp#27;[m &amp#27;[35mpage.objects.LoginPage&amp#27;[m - Pobrany komunikat to: Invalid username or password. Signon failed.
]]></system-out>
    <system-err><![CDATA[Starting ChromeDriver 110.0.5481.77 (65ed616c6e8ee3fe0ad64fe83796c020644d42af-refs/branch-heads/5481@{#839}) on port 6398
Only local connections are allowed.
Please see https://chromedriver.chromium.org/security-considerations for suggestions on keeping ChromeDriver safe.
Starting ChromeDriver 110.0.5481.77 (65ed616c6e8ee3fe0ad64fe83796c020644d42af-refs/branch-heads/5481@{#839}) on port 30717
Only local connections are allowed.
Please see https://chromedriver.chromium.org/security-considerations for suggestions on keeping ChromeDriver safe.
ChromeDriver was started successfully.
ChromeDriver was started successfully.
[1677851289.779][WARNING]: virtual void DevToolsClientImpl::AddListener(DevToolsEventListener *) subscribing a listener to the already connected DevToolsClient. Connection notification will not arrive.
[1677851289.794][WARNING]: virtual void DevToolsClientImpl::AddListener(DevToolsEventListener *) subscribing a listener to the already connected DevToolsClient. Connection notification will not arrive.
mar 03, 2023 2:48:09 PM org.openqa.selenium.devtools.CdpVersionFinder findNearestMatch
WARNING: Unable to find an exact match for CDP version 110, so returning the closest version found: 107
mar 03, 2023 2:48:09 PM org.openqa.selenium.devtools.CdpVersionFinder findNearestMatch
WARNING: Unable to find an exact match for CDP version 110, so returning the closest version found: 107
]]></system-err>
  </testcase>
  <testcase name="asUserLoginUsingValidLoginAndPassword" classname="tests.PositiveLoginTest" time="0.66">
    <system-out><![CDATA[2023-03-03 14:48:11.054 [TestNG-tests-2] &amp#27;[32m- INFO&amp#27;[m &amp#27;[35mpage.objects.LoginPage&amp#27;[m - Kliknieto w Login Button
2023-03-03 14:48:11.101 [TestNG-tests-2] &amp#27;[32m- INFO&amp#27;[m &amp#27;[35mpage.objects.FooterPage&amp#27;[m - Status baneru po zalogowaniu: true
]]></system-out>
  </testcase>
</testsuite>